Missing local::lib; initializing CPAN.
Sorry, we have to rerun the configuration dialog for CPAN.pm due to
some missing parameters. Configuration will be written to
 <<_cpan/CPAN/MyConfig.pm>>

 <install_help>

Warning: You do not have write permission for Perl library directories.

To install modules, you need to configure a local Perl library directory or
escalate your privileges.  CPAN can help you by bootstrapping the local::lib
module or by configuring itself to use 'sudo' (if available).  You may also
resolve this problem manually if you need to customize your setup.

What approach do you want?  (Choose 'local::lib', 'sudo' or 'manual')
 [manual] manual

Your 'urllist' is already configured. Type 'o conf init urllist' to change it.

Autoconfiguration complete.

commit: wrote '_cpan/CPAN/MyConfig.pm'

You can re-run configuration any time with 'o conf init' in the CPAN shell
Fetching with LWP:
http://www.perl.org/CPAN/authors/01mailrc.txt.gz
Reading '/scicomp/home/gzu2/bin/lyve-set-v2.0.0-head/lib/edirect/_cpan/sources/authors/01mailrc.txt.gz'
............................................................................DONE
Fetching with LWP:
http://www.perl.org/CPAN/modules/02packages.details.txt.gz
Reading '/scicomp/home/gzu2/bin/lyve-set-v2.0.0-head/lib/edirect/_cpan/sources/modules/02packages.details.txt.gz'
  Database was generated on Thu, 10 May 2018 14:29:03 GMT
.............
  New CPAN.pm version (v2.16) available.
  [Currently running version is v2.11]
  You might want to try
    install CPAN
    reload cpan
  to both upgrade CPAN.pm and run the new version without leaving
  the current session.


...............................................................DONE
Fetching with LWP:
http://www.perl.org/CPAN/modules/03modlist.data.gz
Reading '/scicomp/home/gzu2/bin/lyve-set-v2.0.0-head/lib/edirect/_cpan/sources/modules/03modlist.data.gz'
DONE
Writing /scicomp/home/gzu2/bin/lyve-set-v2.0.0-head/lib/edirect/_cpan/Metadata
Running get for module 'local::lib'
Fetching with LWP:
http://www.perl.org/CPAN/authors/id/H/HA/HAARG/local-lib-2.000024.tar.gz
Fetching with LWP:
http://www.perl.org/CPAN/authors/id/H/HA/HAARG/CHECKSUMS
Checksum for /scicomp/home/gzu2/bin/lyve-set-v2.0.0-head/lib/edirect/_cpan/sources/authors/id/H/HA/HAARG/local-lib-2.000024.tar.gz ok
Name "CPAN::Distribution::ClassTag" used only once: possible typo at /apps/x86_64/perl/5.22.1/lib/site_perl/5.22.1/YAML/Types.pm line 19.
Name "CPAN::Distrostatus::ClassTag" used only once: possible typo at /apps/x86_64/perl/5.22.1/lib/site_perl/5.22.1/YAML/Types.pm line 19.
Found Encode::Locale.
Found File::Listing.
Found HTML::Parser.
Found HTML::Tagset.
Missing HTML::Tree; initializing CPAN.
Running install for module 'HTML::Tree'
Fetching with LWP:
http://www.perl.org/CPAN/authors/id/K/KE/KENTNL/HTML-Tree-5.07.tar.gz
Fetching with LWP:
http://www.perl.org/CPAN/authors/id/K/KE/KENTNL/CHECKSUMS
Checksum for /scicomp/home/gzu2/bin/lyve-set-v2.0.0-head/lib/edirect/_cpan/sources/authors/id/K/KE/KENTNL/HTML-Tree-5.07.tar.gz ok
Configuring K/KE/KENTNL/HTML-Tree-5.07.tar.gz with Build.PL
Checking prerequisites...
  recommends:
    *  HTML::FormatText is not installed

   HTML::FormatText is only required if you want to use HTML::Element's
   "format" method, which converts HTML to formatted plain text.

   If you install this module later, you do NOT need to reinstall HTML-Tree.

ERRORS/WARNINGS FOUND IN PREREQUISITES.  You may wish to install the versions
of the modules indicated above before proceeding with this installation

Created MYMETA.yml and MYMETA.json
Creating new 'Build' script for 'HTML-Tree' version '5.07'
  KENTNL/HTML-Tree-5.07.tar.gz
  /apps/x86_64/perl/5.22.1/bin/perl Build.PL -- OK
Running Build for K/KE/KENTNL/HTML-Tree-5.07.tar.gz
---- Unsatisfied dependencies detected during ----
----       KENTNL/HTML-Tree-5.07.tar.gz       ----
    HTML::FormatText [requires,optional]
Building HTML-Tree
  KENTNL/HTML-Tree-5.07.tar.gz
  ./Build -- OK
Running Build test
t/00-all_prereqs.t .. ok
t/00system.t ........ ok
t/assubs.t .......... ok
t/attributes.t ...... ok
t/body.t ............ ok
t/building.t ........ ok
t/children.t ........ ok
t/clonei.t .......... ok
t/comment.t ......... ok
t/construct_tree.t .. ok
t/doctype.t ......... ok
t/escape.t .......... ok
t/leaktest.t ........ skipped: Test::LeakTrace required for testing memory leaks
t/oldparse.t ........ ok
t/parents.t ......... ok
t/parse.t ........... ok
t/parsefile.t ....... ok
t/refloop.t ......... ok
t/split.t ........... ok
t/subclass.t ........ ok
t/tag-rendering.t ... ok
t/unicode.t ......... ok
t/whitespace.t ...... ok
All tests successful.
Files=23, Tests=969,  2 wallclock secs ( 0.11 usr  0.04 sys +  0.98 cusr  0.21 csys =  1.34 CPU)
Result: PASS
  KENTNL/HTML-Tree-5.07.tar.gz
  ./Build test -- OK
Running Build install
Building HTML-Tree
Installing /scicomp/home/gzu2/bin/lyve-set-v2.0.0-head/lib/edirect/aux/man/man1/htmltree.1
Installing /scicomp/home/gzu2/bin/lyve-set-v2.0.0-head/lib/edirect/aux/lib/perl5/HTML/Element.pm
Installing /scicomp/home/gzu2/bin/lyve-set-v2.0.0-head/lib/edirect/aux/lib/perl5/HTML/Parse.pm
Installing /scicomp/home/gzu2/bin/lyve-set-v2.0.0-head/lib/edirect/aux/lib/perl5/HTML/Tree.pm
Installing /scicomp/home/gzu2/bin/lyve-set-v2.0.0-head/lib/edirect/aux/lib/perl5/HTML/AsSubs.pm
Installing /scicomp/home/gzu2/bin/lyve-set-v2.0.0-head/lib/edirect/aux/lib/perl5/HTML/TreeBuilder.pm
Installing /scicomp/home/gzu2/bin/lyve-set-v2.0.0-head/lib/edirect/aux/lib/perl5/HTML/Element/traverse.pm
Installing /scicomp/home/gzu2/bin/lyve-set-v2.0.0-head/lib/edirect/aux/lib/perl5/HTML/Tree/AboutObjects.pod
Installing /scicomp/home/gzu2/bin/lyve-set-v2.0.0-head/lib/edirect/aux/lib/perl5/HTML/Tree/AboutTrees.pod
Installing /scicomp/home/gzu2/bin/lyve-set-v2.0.0-head/lib/edirect/aux/lib/perl5/HTML/Tree/Scanning.pod
Installing /scicomp/home/gzu2/bin/lyve-set-v2.0.0-head/lib/edirect/aux/man/man3/HTML::Element::traverse.3
Installing /scicomp/home/gzu2/bin/lyve-set-v2.0.0-head/lib/edirect/aux/man/man3/HTML::AsSubs.3
Installing /scicomp/home/gzu2/bin/lyve-set-v2.0.0-head/lib/edirect/aux/man/man3/HTML::Tree::AboutTrees.3
Installing /scicomp/home/gzu2/bin/lyve-set-v2.0.0-head/lib/edirect/aux/man/man3/HTML::TreeBuilder.3
Installing /scicomp/home/gzu2/bin/lyve-set-v2.0.0-head/lib/edirect/aux/man/man3/HTML::Parse.3
Installing /scicomp/home/gzu2/bin/lyve-set-v2.0.0-head/lib/edirect/aux/man/man3/HTML::Tree::Scanning.3
Installing /scicomp/home/gzu2/bin/lyve-set-v2.0.0-head/lib/edirect/aux/man/man3/HTML::Tree.3
Installing /scicomp/home/gzu2/bin/lyve-set-v2.0.0-head/lib/edirect/aux/man/man3/HTML::Tree::AboutObjects.3
Installing /scicomp/home/gzu2/bin/lyve-set-v2.0.0-head/lib/edirect/aux/man/man3/HTML::Element.3
Installing /scicomp/home/gzu2/bin/lyve-set-v2.0.0-head/lib/edirect/aux/bin/htmltree
  KENTNL/HTML-Tree-5.07.tar.gz
  ./Build install  -- OK
Running install for module 'HTML::FormatText'
Fetching with LWP:
http://www.perl.org/CPAN/authors/id/N/NI/NIGELM/HTML-Formatter-2.16.tar.gz
Fetching with LWP:
http://www.perl.org/CPAN/authors/id/N/NI/NIGELM/CHECKSUMS
Checksum for /scicomp/home/gzu2/bin/lyve-set-v2.0.0-head/lib/edirect/_cpan/sources/authors/id/N/NI/NIGELM/HTML-Formatter-2.16.tar.gz ok
Configuring N/NI/NIGELM/HTML-Formatter-2.16.tar.gz with Makefile.PL
Warning: prerequisite Font::Metrics::Courier 0 not found.
Warning: prerequisite Font::Metrics::CourierBold 0 not found.
Warning: prerequisite Font::Metrics::CourierBoldOblique 0 not found.
Warning: prerequisite Font::Metrics::CourierOblique 0 not found.
Warning: prerequisite Font::Metrics::Helvetica 0 not found.
Warning: prerequisite Font::Metrics::HelveticaBold 0 not found.
Warning: prerequisite Font::Metrics::HelveticaBoldOblique 0 not found.
Warning: prerequisite Font::Metrics::HelveticaOblique 0 not found.
Warning: prerequisite Font::Metrics::TimesBold 0 not found.
Warning: prerequisite Font::Metrics::TimesBoldItalic 0 not found.
Warning: prerequisite Font::Metrics::TimesItalic 0 not found.
Warning: prerequisite Font::Metrics::TimesRoman 0 not found.
Checking if your kit is complete...
Looks good
Generating a Unix-style Makefile
Writing Makefile for HTML::Formatter
Writing MYMETA.yml and MYMETA.json
  NIGELM/HTML-Formatter-2.16.tar.gz
  /apps/x86_64/perl/5.22.1/bin/perl Makefile.PL -- OK
Running make for N/NI/NIGELM/HTML-Formatter-2.16.tar.gz
---- Unsatisfied dependencies detected during ----
----     NIGELM/HTML-Formatter-2.16.tar.gz    ----
    Font::Metrics::Helvetica [requires]
    Font::Metrics::HelveticaBold [requires]
    Font::Metrics::TimesRoman [requires]
    Font::Metrics::HelveticaBoldOblique [requires]
    Font::Metrics::TimesBoldItalic [requires]
    Font::Metrics::TimesBold [requires]
    Font::Metrics::CourierOblique [requires]
    Font::Metrics::Courier [requires]
    Font::Metrics::TimesItalic [requires]
    Font::Metrics::HelveticaOblique [requires]
    Font::Metrics::CourierBold [requires]
    Font::Metrics::CourierBoldOblique [requires]
Running install for module 'Font::Metrics::Helvetica'
Fetching with LWP:
http://www.perl.org/CPAN/authors/id/G/GA/GAAS/Font-AFM-1.20.tar.gz
Fetching with LWP:
http://www.perl.org/CPAN/authors/id/G/GA/GAAS/CHECKSUMS
Checksum for /scicomp/home/gzu2/bin/lyve-set-v2.0.0-head/lib/edirect/_cpan/sources/authors/id/G/GA/GAAS/Font-AFM-1.20.tar.gz ok
Configuring G/GA/GAAS/Font-AFM-1.20.tar.gz with Makefile.PL
Checking if your kit is complete...
Looks good
Generating a Unix-style Makefile
Writing Makefile for Font::AFM
Writing MYMETA.yml and MYMETA.json
  GAAS/Font-AFM-1.20.tar.gz
  /apps/x86_64/perl/5.22.1/bin/perl Makefile.PL -- OK
Running make for G/GA/GAAS/Font-AFM-1.20.tar.gz
make[1]: Entering directory `/scicomp/home/gzu2/bin/lyve-set-v2.0.0-head/lib/edirect/_cpan/build/Font-AFM-1.20-cdgBAe'
make[1]: Warning: File `Makefile' has modification time 135 s in the future
cp lib/Font/Metrics/TimesBold.pm blib/lib/Font/Metrics/TimesBold.pm
cp AFM.pm blib/lib/Font/AFM.pm
cp lib/Font/Metrics/TimesRoman.pm blib/lib/Font/Metrics/TimesRoman.pm
cp lib/Font/Metrics/HelveticaBold.pm blib/lib/Font/Metrics/HelveticaBold.pm
cp lib/Font/Metrics/TimesBoldItalic.pm blib/lib/Font/Metrics/TimesBoldItalic.pm
cp lib/Font/Metrics/HelveticaOblique.pm blib/lib/Font/Metrics/HelveticaOblique.pm
cp lib/Font/Metrics/Courier.pm blib/lib/Font/Metrics/Courier.pm
cp lib/Font/Metrics/CourierBold.pm blib/lib/Font/Metrics/CourierBold.pm
cp lib/Font/Metrics/TimesItalic.pm blib/lib/Font/Metrics/TimesItalic.pm
cp lib/Font/Metrics/CourierBoldOblique.pm blib/lib/Font/Metrics/CourierBoldOblique.pm
cp lib/Font/Metrics/Helvetica.pm blib/lib/Font/Metrics/Helvetica.pm
cp lib/Font/Metrics/HelveticaBoldOblique.pm blib/lib/Font/Metrics/HelveticaBoldOblique.pm
cp lib/Font/Metrics/CourierOblique.pm blib/lib/Font/Metrics/CourierOblique.pm
Manifying 1 pod document
make[1]: warning:  Clock skew detected.  Your build may be incomplete.
make[1]: Leaving directory `/scicomp/home/gzu2/bin/lyve-set-v2.0.0-head/lib/edirect/_cpan/build/Font-AFM-1.20-cdgBAe'
  GAAS/Font-AFM-1.20.tar.gz
  /usr/bin/make -- OK
Running make test
make[1]: Entering directory `/scicomp/home/gzu2/bin/lyve-set-v2.0.0-head/lib/edirect/_cpan/build/Font-AFM-1.20-cdgBAe'
make[1]: Warning: File `Makefile' has modification time 134 s in the future
PERL_DL_NONLAZY=1 "/apps/x86_64/perl/5.22.1/bin/perl" "-MExtUtils::Command::MM" "-MTest::Harness" "-e" "undef *Test::Harness::Switches; test_harness(0, 'blib/lib', 'blib/arch')" t/*.t
t/afm.t .... skipped: Can't find required font
t/times.t .. ok
All tests successful.
Files=2, Tests=2,  1 wallclock secs ( 0.02 usr  0.01 sys +  0.00 cusr  0.01 csys =  0.04 CPU)
Result: PASS
make[1]: warning:  Clock skew detected.  Your build may be incomplete.
make[1]: Leaving directory `/scicomp/home/gzu2/bin/lyve-set-v2.0.0-head/lib/edirect/_cpan/build/Font-AFM-1.20-cdgBAe'
  GAAS/Font-AFM-1.20.tar.gz
  /usr/bin/make test -- OK
Running make install
make[1]: Entering directory `/scicomp/home/gzu2/bin/lyve-set-v2.0.0-head/lib/edirect/_cpan/build/Font-AFM-1.20-cdgBAe'
make[1]: Warning: File `Makefile' has modification time 131 s in the future
Manifying 1 pod document
Installing /scicomp/home/gzu2/bin/lyve-set-v2.0.0-head/lib/edirect/aux/lib/perl5/Font/AFM.pm
Installing /scicomp/home/gzu2/bin/lyve-set-v2.0.0-head/lib/edirect/aux/lib/perl5/Font/Metrics/Helvetica.pm
Installing /scicomp/home/gzu2/bin/lyve-set-v2.0.0-head/lib/edirect/aux/lib/perl5/Font/Metrics/TimesItalic.pm
Installing /scicomp/home/gzu2/bin/lyve-set-v2.0.0-head/lib/edirect/aux/lib/perl5/Font/Metrics/CourierOblique.pm
Installing /scicomp/home/gzu2/bin/lyve-set-v2.0.0-head/lib/edirect/aux/lib/perl5/Font/Metrics/TimesRoman.pm
Installing /scicomp/home/gzu2/bin/lyve-set-v2.0.0-head/lib/edirect/aux/lib/perl5/Font/Metrics/TimesBoldItalic.pm
Installing /scicomp/home/gzu2/bin/lyve-set-v2.0.0-head/lib/edirect/aux/lib/perl5/Font/Metrics/CourierBoldOblique.pm
Installing /scicomp/home/gzu2/bin/lyve-set-v2.0.0-head/lib/edirect/aux/lib/perl5/Font/Metrics/HelveticaBold.pm
Installing /scicomp/home/gzu2/bin/lyve-set-v2.0.0-head/lib/edirect/aux/lib/perl5/Font/Metrics/CourierBold.pm
Installing /scicomp/home/gzu2/bin/lyve-set-v2.0.0-head/lib/edirect/aux/lib/perl5/Font/Metrics/Courier.pm
Installing /scicomp/home/gzu2/bin/lyve-set-v2.0.0-head/lib/edirect/aux/lib/perl5/Font/Metrics/HelveticaBoldOblique.pm
Installing /scicomp/home/gzu2/bin/lyve-set-v2.0.0-head/lib/edirect/aux/lib/perl5/Font/Metrics/HelveticaOblique.pm
Installing /scicomp/home/gzu2/bin/lyve-set-v2.0.0-head/lib/edirect/aux/lib/perl5/Font/Metrics/TimesBold.pm
Installing /scicomp/home/gzu2/bin/lyve-set-v2.0.0-head/lib/edirect/aux/man/man3/Font::AFM.3
Appending installation info to /scicomp/home/gzu2/bin/lyve-set-v2.0.0-head/lib/edirect/aux/lib/perl5/x86_64-linux/perllocal.pod
make[1]: warning:  Clock skew detected.  Your build may be incomplete.
make[1]: Leaving directory `/scicomp/home/gzu2/bin/lyve-set-v2.0.0-head/lib/edirect/_cpan/build/Font-AFM-1.20-cdgBAe'
  GAAS/Font-AFM-1.20.tar.gz
  /usr/bin/make install  -- OK
Font::Metrics::HelveticaBold is up to date (undef).
Font::Metrics::TimesRoman is up to date (undef).
Font::Metrics::HelveticaBoldOblique is up to date (undef).
Font::Metrics::TimesBoldItalic is up to date (undef).
Font::Metrics::TimesBold is up to date (undef).
Font::Metrics::CourierOblique is up to date (undef).
Font::Metrics::Courier is up to date (undef).
Font::Metrics::TimesItalic is up to date (undef).
Font::Metrics::HelveticaOblique is up to date (undef).
Font::Metrics::CourierBold is up to date (undef).
Font::Metrics::CourierBoldOblique is up to date (undef).
  NIGELM/HTML-Formatter-2.16.tar.gz
  Has already been unwrapped into directory /scicomp/home/gzu2/bin/lyve-set-v2.0.0-head/lib/edirect/_cpan/build/HTML-Formatter-2.16-dOOUiz
  NIGELM/HTML-Formatter-2.16.tar.gz
  Has already been prepared
Running make for N/NI/NIGELM/HTML-Formatter-2.16.tar.gz
make[1]: Entering directory `/scicomp/home/gzu2/bin/lyve-set-v2.0.0-head/lib/edirect/_cpan/build/HTML-Formatter-2.16-dOOUiz'
make[1]: Warning: File `Makefile' has modification time 128 s in the future
cp lib/HTML/FormatMarkdown.pm blib/lib/HTML/FormatMarkdown.pm
cp lib/HTML/FormatPS.pm blib/lib/HTML/FormatPS.pm
cp lib/HTML/Formatter.pm blib/lib/HTML/Formatter.pm
cp lib/HTML/FormatRTF.pm blib/lib/HTML/FormatRTF.pm
cp lib/HTML/FormatText.pm blib/lib/HTML/FormatText.pm
Manifying 5 pod documents
make[1]: warning:  Clock skew detected.  Your build may be incomplete.
make[1]: Leaving directory `/scicomp/home/gzu2/bin/lyve-set-v2.0.0-head/lib/edirect/_cpan/build/HTML-Formatter-2.16-dOOUiz'
  NIGELM/HTML-Formatter-2.16.tar.gz
  /usr/bin/make -- OK
Running make test
make[1]: Entering directory `/scicomp/home/gzu2/bin/lyve-set-v2.0.0-head/lib/edirect/_cpan/build/HTML-Formatter-2.16-dOOUiz'
make[1]: Warning: File `Makefile' has modification time 128 s in the future
PERL_DL_NONLAZY=1 "/apps/x86_64/perl/5.22.1/bin/perl" "-MExtUtils::Command::MM" "-MTest::Harness" "-e" "undef *Test::Harness::Switches; test_harness(0, 'blib/lib', 'blib/arch')" t/*.t

#   Failed test 'HTML/FormatPS.pm loaded ok'
#   at t/00-compile.t line 41.
#          got: '65280'
#     expected: '0'
In '(?...)', the '(' and '?' must be adjacent in regex; marked by <-- HERE in m/( ? <-- HERE <= [0-9] ) _ (?= [0-9] ) / at /apps/x86_64/perl/perl-5.16.1-MT/lib/5.16.1/utf8_heavy.pl line 247.
Compilation failed in require at /apps/x86_64/perl/perl-5.16.1-MT/lib/5.16.1/utf8.pm line 17.
Compilation failed in require at -e line 1.
# Looks like you failed 1 test of 5.
t/00-compile.t ............... 
Dubious, test returned 1 (wstat 256, 0x100)
Failed 1/5 subtests 
# 
# Versions for all modules listed in MYMETA.json (including optional ones):
# 
# === Configure Requires ===
# 
#     Module              Want Have
#     ------------------- ---- ----
#     ExtUtils::MakeMaker  any 7.10
# 
# === Build Requires ===
# 
#     Module              Want Have
#     ------------------- ---- ----
#     ExtUtils::MakeMaker  any 7.10
# 
# === Test Requires ===
# 
#     Module              Want     Have
#     ------------------- ---- --------
#     ExtUtils::MakeMaker  any     7.10
#     File::Slurper        any    0.008
#     File::Spec           any     3.62
#     FindBin              any     1.51
#     IO::Handle           any     1.35
#     IPC::Open3           any     1.12
#     Test::More          0.96 1.001014
#     Test::Warnings       any    0.022
#     blib                1.01     1.06
#     bytes                any     1.04
#     lib                  any     0.63
# 
# === Test Recommends ===
# 
#     Module         Want     Have
#     ---------- -------- --------
#     CPAN::Meta 2.120900 2.150005
# 
# === Runtime Requires ===
# 
#     Module                              Want  Have
#     ----------------------------------- ---- -----
#     Carp                                 any  1.26
#     Data::Dumper                         any 2.161
#     Encode                               any  2.88
#     Font::Metrics::Courier               any undef
#     Font::Metrics::CourierBold           any undef
#     Font::Metrics::CourierBoldOblique    any undef
#     Font::Metrics::CourierOblique        any undef
#     Font::Metrics::Helvetica             any undef
#     Font::Metrics::HelveticaBold         any undef
#     Font::Metrics::HelveticaBoldOblique  any undef
#     Font::Metrics::HelveticaOblique      any undef
#     Font::Metrics::TimesBold             any undef
#     Font::Metrics::TimesBoldItalic       any undef
#     Font::Metrics::TimesItalic           any undef
#     Font::Metrics::TimesRoman            any undef
#     HTML::Element                       3.15  5.07
#     HTML::TreeBuilder                    any  5.07
#     IO::File                             any  1.16
#     base                                 any  2.18
#     integer                              any  1.00
#     parent                               any 0.225
#     strict                               any  1.07
#     utf8                                 any  1.09
#     warnings                             any  1.13
# 
t/00-report-prereqs.t ........ ok

#   Failed test 'use HTML::FormatPS;'
#   at t/lib/Test/HTML/Formatter.pm line 12.
#     Tried to use 'HTML::FormatPS'.
#     Error:  In '(?...)', the '(' and '?' must be adjacent in regex; marked by <-- HERE in m/( ? <-- HERE <= [0-9] ) _ (?= [0-9] ) / at /apps/x86_64/perl/perl-5.16.1-MT/lib/5.16.1/utf8_heavy.pl line 247.
# Compilation failed in require at /apps/x86_64/perl/perl-5.16.1-MT/lib/5.16.1/utf8.pm line 17.
# Compilation failed in require at t/lib/Test/HTML/Formatter.pm line 12.
# BEGIN failed--compilation aborted at t/lib/Test/HTML/Formatter.pm line 12.
Illegal parameter (leftmargin => 5) at t/01_ps.t line 24.
# Tests were run but no plan was declared and done_testing() was not seen.
# Looks like your test exited with 255 just after 4.
t/01_ps.t .................... 
Dubious, test returned 255 (wstat 65280, 0xff00)
Failed 1/4 subtests 
t/02_rtf.t ................... ok
t/03_text.t .................. ok
t/04_md.t .................... ok
t/author-critic.t ............ skipped: these tests are for testing by the author
t/author-eol.t ............... skipped: these tests are for testing by the author
t/author-no-tabs.t ........... skipped: these tests are for testing by the author
t/author-pod-spell.t ......... skipped: these tests are for testing by the author
t/author-pod-syntax.t ........ skipped: these tests are for testing by the author
t/author-portability.t ....... skipped: these tests are for testing by the author
t/author-synopsis.t .......... skipped: these tests are for testing by the author
t/release-dist-manifest.t .... skipped: these tests are for release candidate testing
t/release-distmeta.t ......... skipped: these tests are for release candidate testing
t/release-has-version.t ...... skipped: these tests are for release candidate testing
t/release-minimum-version.t .. skipped: these tests are for release candidate testing
t/release-unused-vars.t ...... skipped: these tests are for release candidate testing
t/rt111783.t ................. ok

#   Failed test 'use HTML::FormatPS;'
#   at t/rt69426.t line 17.
#     Tried to use 'HTML::FormatPS'.
#     Error:  In '(?...)', the '(' and '?' must be adjacent in regex; marked by <-- HERE in m/( ? <-- HERE <= [0-9] ) _ (?= [0-9] ) / at /apps/x86_64/perl/perl-5.16.1-MT/lib/5.16.1/utf8_heavy.pl line 247.
# Compilation failed in require at /apps/x86_64/perl/perl-5.16.1-MT/lib/5.16.1/utf8.pm line 17.
# Compilation failed in require at t/rt69426.t line 17.
# BEGIN failed--compilation aborted at t/rt69426.t line 17.
Use of uninitialized value in multiplication (*) at /scicomp/home/gzu2/bin/lyve-set-v2.0.0-head/lib/edirect/_cpan/build/HTML-Formatter-2.16-dOOUiz/blib/lib/HTML/FormatPS.pm line 187.
Use of uninitialized value $font in concatenation (.) or string at /scicomp/home/gzu2/bin/lyve-set-v2.0.0-head/lib/edirect/_cpan/build/HTML-Formatter-2.16-dOOUiz/blib/lib/HTML/FormatPS.pm line 209.
Use of uninitialized value $font in concatenation (.) or string at /scicomp/home/gzu2/bin/lyve-set-v2.0.0-head/lib/edirect/_cpan/build/HTML-Formatter-2.16-dOOUiz/blib/lib/HTML/FormatPS.pm line 215.
Can't locate Font/Metrics/.pm in @INC (you may need to install the Font::Metrics:: module) (@INC contains: /scicomp/home/gzu2/bin/lyve-set-v2.0.0-head/lib/edirect/_cpan/build/HTML-Formatter-2.16-dOOUiz/blib/lib /scicomp/home/gzu2/bin/lyve-set-v2.0.0-head/lib/edirect/_cpan/build/HTML-Formatter-2.16-dOOUiz/blib/arch /scicomp/home/gzu2/bin/lyve-set-v2.0.0-head/lib/edirect/aux/lib/perl5/x86_64-linux /scicomp/home/gzu2/bin/lyve-set-v2.0.0-head/lib/edirect/aux/lib/perl5/x86_64-linux /scicomp/home/gzu2/bin/lyve-set-v2.0.0-head/lib/edirect/aux/lib/perl5 /apps/x86_64/perl/perl-5.16.1-MT/lib/site_perl/5.16.1 /apps/x86_64/perl/perl-5.16.1-MT/lib/5.16.1 /usr/local/lib64/perl5-centos7 /scicomp/home/gzu2/bin/lyve-set-v2.0.0-head/lib/edirect/aux/lib/perl5/x86_64-linux /scicomp/home/gzu2/bin/lyve-set-v2.0.0-head/lib/edirect/aux/lib/perl5 /apps/x86_64/perl/5.22.1/lib/site_perl/5.22.1/x86_64-linux /apps/x86_64/perl/5.22.1/lib/site_perl/5.22.1 /apps/x86_64/perl/5.22.1/lib/5.22.1/x86_64-linux /apps/x86_64/perl/5.22.1/lib/5.22.1 /apps/x86_64/perl/perl-5.16.1-MT/lib/site_perl/5.16.1 /apps/x86_64/perl/perl-5.16.1-MT/lib/5.16.1 /usr/local/lib64/perl5-centos7 /apps/x86_64/perl/5.22.1/lib/site_perl/5.22.1/x86_64-linux /apps/x86_64/perl/5.22.1/lib/site_perl/5.22.1 /apps/x86_64/perl/5.22.1/lib/5.22.1/x86_64-linux /apps/x86_64/perl/5.22.1/lib/5.22.1 .) at /scicomp/home/gzu2/bin/lyve-set-v2.0.0-head/lib/edirect/_cpan/build/HTML-Formatter-2.16-dOOUiz/blib/lib/HTML/FormatPS.pm line 219.
# Tests were run but no plan was declared and done_testing() was not seen.
# Looks like your test exited with 2 just after 6.
t/rt69426.t .................. 
Dubious, test returned 2 (wstat 512, 0x200)
Failed 1/6 subtests 

Test Summary Report
-------------------
t/00-compile.t             (Wstat: 256 Tests: 5 Failed: 1)
  Failed test:  2
  Non-zero exit status: 1
t/01_ps.t                  (Wstat: 65280 Tests: 4 Failed: 1)
  Failed test:  1
  Non-zero exit status: 255
  Parse errors: No plan found in TAP output
t/rt69426.t                (Wstat: 512 Tests: 6 Failed: 1)
  Failed test:  1
  Non-zero exit status: 2
  Parse errors: No plan found in TAP output
Files=20, Tests=61,  1 wallclock secs ( 0.04 usr  0.03 sys +  0.62 cusr  0.18 csys =  0.87 CPU)
Result: FAIL
Failed 3/20 test programs. 3/61 subtests failed.
make[1]: *** [test_dynamic] Error 2
make[1]: Leaving directory `/scicomp/home/gzu2/bin/lyve-set-v2.0.0-head/lib/edirect/_cpan/build/HTML-Formatter-2.16-dOOUiz'
  NIGELM/HTML-Formatter-2.16.tar.gz
  /usr/bin/make test -- NOT OK
//hint// to see the cpan-testers results for installing this module, try:
  reports NIGELM/HTML-Formatter-2.16.tar.gz
Missing HTTP:Cookies; CPAN already initialized.
Running install for module 'HTTP::Cookies'
Fetching with LWP:
http://www.perl.org/CPAN/authors/id/O/OA/OALDERS/HTTP-Cookies-6.04.tar.gz
Fetching with LWP:
http://www.perl.org/CPAN/authors/id/O/OA/OALDERS/CHECKSUMS
Checksum for /scicomp/home/gzu2/bin/lyve-set-v2.0.0-head/lib/edirect/_cpan/sources/authors/id/O/OA/OALDERS/HTTP-Cookies-6.04.tar.gz ok
Configuring O/OA/OALDERS/HTTP-Cookies-6.04.tar.gz with Makefile.PL
Checking if your kit is complete...
Looks good
Generating a Unix-style Makefile
Writing Makefile for HTTP::Cookies
Writing MYMETA.yml and MYMETA.json
  OALDERS/HTTP-Cookies-6.04.tar.gz
  /apps/x86_64/perl/5.22.1/bin/perl Makefile.PL -- OK
Running make for O/OA/OALDERS/HTTP-Cookies-6.04.tar.gz
make[1]: Entering directory `/scicomp/home/gzu2/bin/lyve-set-v2.0.0-head/lib/edirect/_cpan/build/HTTP-Cookies-6.04-dADABy'
make[1]: Warning: File `Makefile' has modification time 135 s in the future
cp lib/HTTP/Cookies/Microsoft.pm blib/lib/HTTP/Cookies/Microsoft.pm
cp lib/HTTP/Cookies/Netscape.pm blib/lib/HTTP/Cookies/Netscape.pm
cp lib/HTTP/Cookies.pm blib/lib/HTTP/Cookies.pm
Manifying 3 pod documents
make[1]: warning:  Clock skew detected.  Your build may be incomplete.
make[1]: Leaving directory `/scicomp/home/gzu2/bin/lyve-set-v2.0.0-head/lib/edirect/_cpan/build/HTTP-Cookies-6.04-dADABy'
  OALDERS/HTTP-Cookies-6.04.tar.gz
  /usr/bin/make -- OK
Running make test
make[1]: Entering directory `/scicomp/home/gzu2/bin/lyve-set-v2.0.0-head/lib/edirect/_cpan/build/HTTP-Cookies-6.04-dADABy'
make[1]: Warning: File `Makefile' has modification time 134 s in the future
PERL_DL_NONLAZY=1 "/apps/x86_64/perl/5.22.1/bin/perl" "-MExtUtils::Command::MM" "-MTest::Harness" "-e" "undef *Test::Harness::Switches; test_harness(0, 'blib/lib', 'blib/arch')" t/*.t
# 
# Versions for all modules listed in MYMETA.json (including optional ones):
# 
# === Configure Requires ===
# 
#     Module              Want Have
#     ------------------- ---- ----
#     ExtUtils::MakeMaker  any 7.10
# 
# === Build Requires ===
# 
#     Module              Want Have
#     ------------------- ---- ----
#     ExtUtils::MakeMaker  any 7.10
# 
# === Test Requires ===
# 
#     Module              Want     Have
#     ------------------- ---- --------
#     ExtUtils::MakeMaker  any     7.10
#     File::Spec           any     3.62
#     HTTP::Response       any     6.11
#     Test                 any  1.25_02
#     Test::More           any 1.001014
#     URI                  any     1.69
#     warnings             any     1.13
# 
# === Test Recommends ===
# 
#     Module         Want     Have
#     ---------- -------- --------
#     CPAN::Meta 2.120900 2.150005
# 
# === Runtime Requires ===
# 
#     Module              Want   Have
#     ------------------- ---- ------
#     Carp                 any   1.26
#     HTTP::Date             6   6.02
#     HTTP::Headers::Util    6   6.11
#     HTTP::Request        any   6.11
#     Time::Local          any 1.2000
#     locale               any   1.01
#     strict               any   1.07
#     vars                 any   1.02
# 
t/00-report-prereqs.t .. ok
t/10-original_spec.t ... ok
t/11-rfc_2965.t ........ ok
Name "URI::OVERLOAD" used only once: possible typo at /apps/x86_64/perl/perl-5.16.1-MT/lib/5.16.1/overload.pm line 34.
t/cookies.t ............ ok
t/publicsuffix.t ....... ok
All tests successful.
Files=5, Tests=116,  1 wallclock secs ( 0.04 usr  0.01 sys +  0.30 cusr  0.08 csys =  0.43 CPU)
Result: PASS
make[1]: warning:  Clock skew detected.  Your build may be incomplete.
make[1]: Leaving directory `/scicomp/home/gzu2/bin/lyve-set-v2.0.0-head/lib/edirect/_cpan/build/HTTP-Cookies-6.04-dADABy'
  OALDERS/HTTP-Cookies-6.04.tar.gz
  /usr/bin/make test -- OK
Running make install
make[1]: Entering directory `/scicomp/home/gzu2/bin/lyve-set-v2.0.0-head/lib/edirect/_cpan/build/HTTP-Cookies-6.04-dADABy'
make[1]: Warning: File `Makefile' has modification time 133 s in the future
Manifying 3 pod documents
Installing /scicomp/home/gzu2/bin/lyve-set-v2.0.0-head/lib/edirect/aux/lib/perl5/HTTP/Cookies.pm
Installing /scicomp/home/gzu2/bin/lyve-set-v2.0.0-head/lib/edirect/aux/lib/perl5/HTTP/Cookies/Netscape.pm
Installing /scicomp/home/gzu2/bin/lyve-set-v2.0.0-head/lib/edirect/aux/lib/perl5/HTTP/Cookies/Microsoft.pm
Installing /scicomp/home/gzu2/bin/lyve-set-v2.0.0-head/lib/edirect/aux/man/man3/HTTP::Cookies::Netscape.3
Installing /scicomp/home/gzu2/bin/lyve-set-v2.0.0-head/lib/edirect/aux/man/man3/HTTP::Cookies::Microsoft.3
Installing /scicomp/home/gzu2/bin/lyve-set-v2.0.0-head/lib/edirect/aux/man/man3/HTTP::Cookies.3
Appending installation info to /scicomp/home/gzu2/bin/lyve-set-v2.0.0-head/lib/edirect/aux/lib/perl5/x86_64-linux/perllocal.pod
make[1]: warning:  Clock skew detected.  Your build may be incomplete.
make[1]: Leaving directory `/scicomp/home/gzu2/bin/lyve-set-v2.0.0-head/lib/edirect/_cpan/build/HTTP-Cookies-6.04-dADABy'
  OALDERS/HTTP-Cookies-6.04.tar.gz
  /usr/bin/make install  -- OK
Found HTTP::Date.
Found HTTP::Message.
Found HTTP::Negotiate.
Found IO::Socket::SSL.
Found LWP::MediaTypes.
Found LWP::Protocol::https.
Found Net::HTTP.
Found URI.
Found WWW::RobotRules.
Found Mozilla::CA.
Found Time::HiRes.
Found LWP.
